语法

    0 $accept: Program $end

    1 Program: ExtDefList

    2 ExtDefList: ExtDef ExtDefList
    3           | ε

    4 ExtDef: Specifier ExtDecList SEMI
    5       | Specifier SEMI
    6       | Specifier FunDec CompSt
    7       | error ExtDef
    8       | error CompSt
    9       | error SEMI
   10       | Specifier error SEMI
   11       | Specifier error CompSt

   12 ExtDecList: VarDec
   13           | VarDec COMMA ExtDecList

   14 Specifier: TYPE
   15          | StructSpecifier

   16 StructSpecifier: STRUCT OptTag LC DefList RC
   17                | STRUCT Tag
   18                | STRUCT OptTag LC DefList error RC

   19 OptTag: ID
   20       | ε

   21 Tag: ID

   22 VarDec: ID
   23       | VarDec LB INT RB

   24 FunDec: ID LP VarList RP
   25       | ID LP RP

   26 VarList: ParamDec COMMA VarList
   27        | ParamDec

   28 ParamDec: Specifier VarDec

   29 CompSt: LC DefList StmtList RC

   30 StmtList: Stmt StmtList
   31         | ε

   32 Stmt: Exp SEMI
   33     | CompSt
   34     | RETURN Exp SEMI
   35     | IF LP Exp RP Stmt
   36     | IF LP Exp RP Stmt ELSE Stmt
   37     | WHILE LP Exp RP Stmt
   38     | error SEMI
   39     | error Stmt
   40     | Exp error
   41     | IF LP error RP Stmt
   42     | IF LP error RP Stmt ELSE Stmt
   43     | WHILE LP error RP Stmt

   44 DefList: Def DefList
   45        | ε

   46 Def: Specifier DecList SEMI
   47    | Specifier DecList error SEMI
   48    | Specifier error SEMI

   49 DecList: Dec
   50        | Dec COMMA DecList

   51 Dec: VarDec
   52    | VarDec ASSIGNOP Exp

   53 Exp: Exp ASSIGNOP Exp
   54    | Exp AND Exp
   55    | Exp OR Exp
   56    | Exp RELOP Exp
   57    | Exp PLUS Exp
   58    | Exp MINUS Exp
   59    | Exp STAR Exp
   60    | Exp DIV Exp
   61    | LP Exp RP
   62    | MINUS Exp
   63    | NOT Exp
   64    | ID LP Args RP
   65    | ID LP RP
   66    | Exp LB Exp RB
   67    | Exp DOT ID
   68    | ID
   69    | INT
   70    | FLOAT
   71    | Exp ASSIGNOP error
   72    | Exp AND error
   73    | Exp OR error
   74    | Exp RELOP error
   75    | Exp PLUS error
   76    | Exp MINUS error
   77    | Exp STAR error
   78    | Exp DIV error
   79    | LP error RP
   80    | LP Exp error
   81    | NOT error
   82    | ID LP error RP
   83    | Exp LB error RB

   84 Args: Exp COMMA Args
   85     | Exp
   86     | error COMMA Exp


终结语词，附有它们出现处的规则

    $end (0) 0
    error <node> (256) 7 8 9 10 11 18 38 39 40 41 42 43 47 48 71 72 73 74 75 76 77 78 79 80 81 82 83 86
    INT <node> (258) 23 69
    FLOAT <node> (259) 70
    LP <node> (260) 24 25 35 36 37 41 42 43 61 64 65 79 80 82
    RP <node> (261) 24 25 35 36 37 41 42 43 61 64 65 79 82
    LB <node> (262) 23 66 83
    RB <node> (263) 23 66 83
    LC <node> (264) 16 18 29
    RC <node> (265) 16 18 29
    SEMI <node> (266) 4 5 9 10 32 34 38 46 47 48
    COMMA <node> (267) 13 26 50 84 86
    RELOP <node> (268) 56 74
    ASSIGNOP <node> (269) 52 53 71
    PLUS <node> (270) 57 75
    MINUS <node> (271) 58 62 76
    STAR <node> (272) 59 77
    DIV <node> (273) 60 78
    AND <node> (274) 54 72
    OR <node> (275) 55 73
    DOT <node> (276) 67
    NOT <node> (277) 63 81
    STRUCT <node> (278) 16 17 18
    RETURN <node> (279) 34
    IF <node> (280) 35 36 41 42
    ELSE <node> (281) 36 42
    WHILE <node> (282) 37 43
    TYPE <node> (283) 14
    ID <node> (284) 19 21 22 24 25 64 65 67 68 82
    LOWER_THAN_ELSE (285)


非终结语词，附有它们出现处的规则

    $accept (31)
        on left: 0
    Program <node> (32)
        on left: 1
        on right: 0
    ExtDefList <node> (33)
        on left: 2 3
        on right: 1 2
    ExtDef <node> (34)
        on left: 4 5 6 7 8 9 10 11
        on right: 2 7
    ExtDecList <node> (35)
        on left: 12 13
        on right: 4 13
    Specifier <node> (36)
        on left: 14 15
        on right: 4 5 6 10 11 28 46 47 48
    StructSpecifier <node> (37)
        on left: 16 17 18
        on right: 15
    OptTag <node> (38)
        on left: 19 20
        on right: 16 18
    Tag <node> (39)
        on left: 21
        on right: 17
    VarDec <node> (40)
        on left: 22 23
        on right: 12 13 23 28 51 52
    FunDec <node> (41)
        on left: 24 25
        on right: 6
    VarList <node> (42)
        on left: 26 27
        on right: 24 26
    ParamDec <node> (43)
        on left: 28
        on right: 26 27
    CompSt <node> (44)
        on left: 29
        on right: 6 8 11 33
    StmtList <node> (45)
        on left: 30 31
        on right: 29 30
    Stmt <node> (46)
        on left: 32 33 34 35 36 37 38 39 40 41 42 43
        on right: 30 35 36 37 39 41 42 43
    DefList <node> (47)
        on left: 44 45
        on right: 16 18 29 44
    Def <node> (48)
        on left: 46 47 48
        on right: 44
    DecList <node> (49)
        on left: 49 50
        on right: 46 47 50
    Dec <node> (50)
        on left: 51 52
        on right: 49 50
    Exp <node> (51)
        on left: 53 54 55 56 57 58 59 60 61 62 63 64 65 66 67 68 69 70 71 72 73 74 75 76 77 78 79 80 81 82 83
        on right: 32 34 35 36 37 40 52 53 54 55 56 57 58 59 60 61 62 63 66 67 71 72 73 74 75 76 77 78 80 83 84 85 86
    Args <node> (52)
        on left: 84 85 86
        on right: 64 84


状态 0

    0 $accept: • Program $end

    error   偏移，并进入状态 1
    STRUCT  偏移，并进入状态 2
    TYPE    偏移，并进入状态 3

    $end  使用规则 3 以归约 (ExtDefList)

    Program          转到状态 4
    ExtDefList       转到状态 5
    ExtDef           转到状态 6
    Specifier        转到状态 7
    StructSpecifier  转到状态 8


状态 1

    7 ExtDef: error • ExtDef
    8       | error • CompSt
    9       | error • SEMI

    error   偏移，并进入状态 1
    LC      偏移，并进入状态 9
    SEMI    偏移，并进入状态 10
    STRUCT  偏移，并进入状态 2
    TYPE    偏移，并进入状态 3

    ExtDef           转到状态 11
    Specifier        转到状态 7
    StructSpecifier  转到状态 8
    CompSt           转到状态 12


状态 2

   16 StructSpecifier: STRUCT • OptTag LC DefList RC
   17                | STRUCT • Tag
   18                | STRUCT • OptTag LC DefList error RC

    ID  偏移，并进入状态 13

    $default  使用规则 20 以归约 (OptTag)

    OptTag  转到状态 14
    Tag     转到状态 15


状态 3

   14 Specifier: TYPE •

    $default  使用规则 14 以归约 (Specifier)


状态 4

    0 $accept: Program • $end

    $end  偏移，并进入状态 16


状态 5

    1 Program: ExtDefList •

    $default  使用规则 1 以归约 (Program)


状态 6

    2 ExtDefList: ExtDef • ExtDefList

    error   偏移，并进入状态 1
    STRUCT  偏移，并进入状态 2
    TYPE    偏移，并进入状态 3

    $end  使用规则 3 以归约 (ExtDefList)

    ExtDefList       转到状态 17
    ExtDef           转到状态 6
    Specifier        转到状态 7
    StructSpecifier  转到状态 8


状态 7

    4 ExtDef: Specifier • ExtDecList SEMI
    5       | Specifier • SEMI
    6       | Specifier • FunDec CompSt
   10       | Specifier • error SEMI
   11       | Specifier • error CompSt

    error  偏移，并进入状态 18
    SEMI   偏移，并进入状态 19
    ID     偏移，并进入状态 20

    ExtDecList  转到状态 21
    VarDec      转到状态 22
    FunDec      转到状态 23


状态 8

   15 Specifier: StructSpecifier •

    $default  使用规则 15 以归约 (Specifier)


状态 9

   29 CompSt: LC • DefList StmtList RC

    STRUCT  偏移，并进入状态 2
    TYPE    偏移，并进入状态 3

    $default  使用规则 45 以归约 (DefList)

    Specifier        转到状态 24
    StructSpecifier  转到状态 8
    DefList          转到状态 25
    Def              转到状态 26


状态 10

    9 ExtDef: error SEMI •

    $default  使用规则 9 以归约 (ExtDef)


状态 11

    7 ExtDef: error ExtDef •

    $default  使用规则 7 以归约 (ExtDef)


状态 12

    8 ExtDef: error CompSt •

    $default  使用规则 8 以归约 (ExtDef)


状态 13

   19 OptTag: ID •
   21 Tag: ID •

    LC        使用规则 19 以归约 (OptTag)
    $default  使用规则 21 以归约 (Tag)


状态 14

   16 StructSpecifier: STRUCT OptTag • LC DefList RC
   18                | STRUCT OptTag • LC DefList error RC

    LC  偏移，并进入状态 27


状态 15

   17 StructSpecifier: STRUCT Tag •

    $default  使用规则 17 以归约 (StructSpecifier)


状态 16

    0 $accept: Program $end •

    $default  接受


状态 17

    2 ExtDefList: ExtDef ExtDefList •

    $default  使用规则 2 以归约 (ExtDefList)


状态 18

   10 ExtDef: Specifier error • SEMI
   11       | Specifier error • CompSt

    LC    偏移，并进入状态 9
    SEMI  偏移，并进入状态 28

    CompSt  转到状态 29


状态 19

    5 ExtDef: Specifier SEMI •

    $default  使用规则 5 以归约 (ExtDef)


状态 20

   22 VarDec: ID •
   24 FunDec: ID • LP VarList RP
   25       | ID • LP RP

    LP  偏移，并进入状态 30

    $default  使用规则 22 以归约 (VarDec)


状态 21

    4 ExtDef: Specifier ExtDecList • SEMI

    SEMI  偏移，并进入状态 31


状态 22

   12 ExtDecList: VarDec •
   13           | VarDec • COMMA ExtDecList
   23 VarDec: VarDec • LB INT RB

    LB     偏移，并进入状态 32
    COMMA  偏移，并进入状态 33

    $default  使用规则 12 以归约 (ExtDecList)


状态 23

    6 ExtDef: Specifier FunDec • CompSt

    LC  偏移，并进入状态 9

    CompSt  转到状态 34


状态 24

   46 Def: Specifier • DecList SEMI
   47    | Specifier • DecList error SEMI
   48    | Specifier • error SEMI

    error  偏移，并进入状态 35
    ID     偏移，并进入状态 36

    VarDec   转到状态 37
    DecList  转到状态 38
    Dec      转到状态 39


状态 25

   29 CompSt: LC DefList • StmtList RC

    error   偏移，并进入状态 40
    INT     偏移，并进入状态 41
    FLOAT   偏移，并进入状态 42
    LP      偏移，并进入状态 43
    LC      偏移，并进入状态 9
    MINUS   偏移，并进入状态 44
    NOT     偏移，并进入状态 45
    RETURN  偏移，并进入状态 46
    IF      偏移，并进入状态 47
    WHILE   偏移，并进入状态 48
    ID      偏移，并进入状态 49

    RC  使用规则 31 以归约 (StmtList)

    CompSt    转到状态 50
    StmtList  转到状态 51
    Stmt      转到状态 52
    Exp       转到状态 53


状态 26

   44 DefList: Def • DefList

    STRUCT  偏移，并进入状态 2
    TYPE    偏移，并进入状态 3

    $default  使用规则 45 以归约 (DefList)

    Specifier        转到状态 24
    StructSpecifier  转到状态 8
    DefList          转到状态 54
    Def              转到状态 26


状态 27

   16 StructSpecifier: STRUCT OptTag LC • DefList RC
   18                | STRUCT OptTag LC • DefList error RC

    STRUCT  偏移，并进入状态 2
    TYPE    偏移，并进入状态 3

    $default  使用规则 45 以归约 (DefList)

    Specifier        转到状态 24
    StructSpecifier  转到状态 8
    DefList          转到状态 55
    Def              转到状态 26


状态 28

   10 ExtDef: Specifier error SEMI •

    $default  使用规则 10 以归约 (ExtDef)


状态 29

   11 ExtDef: Specifier error CompSt •

    $default  使用规则 11 以归约 (ExtDef)


状态 30

   24 FunDec: ID LP • VarList RP
   25       | ID LP • RP

    RP      偏移，并进入状态 56
    STRUCT  偏移，并进入状态 2
    TYPE    偏移，并进入状态 3

    Specifier        转到状态 57
    StructSpecifier  转到状态 8
    VarList          转到状态 58
    ParamDec         转到状态 59


状态 31

    4 ExtDef: Specifier ExtDecList SEMI •

    $default  使用规则 4 以归约 (ExtDef)


状态 32

   23 VarDec: VarDec LB • INT RB

    INT  偏移，并进入状态 60


状态 33

   13 ExtDecList: VarDec COMMA • ExtDecList

    ID  偏移，并进入状态 36

    ExtDecList  转到状态 61
    VarDec      转到状态 22


状态 34

    6 ExtDef: Specifier FunDec CompSt •

    $default  使用规则 6 以归约 (ExtDef)


状态 35

   48 Def: Specifier error • SEMI

    SEMI  偏移，并进入状态 62


状态 36

   22 VarDec: ID •

    $default  使用规则 22 以归约 (VarDec)


状态 37

   23 VarDec: VarDec • LB INT RB
   51 Dec: VarDec •
   52    | VarDec • ASSIGNOP Exp

    LB        偏移，并进入状态 32
    ASSIGNOP  偏移，并进入状态 63

    $default  使用规则 51 以归约 (Dec)


状态 38

   46 Def: Specifier DecList • SEMI
   47    | Specifier DecList • error SEMI

    error  偏移，并进入状态 64
    SEMI   偏移，并进入状态 65


状态 39

   49 DecList: Dec •
   50        | Dec • COMMA DecList

    COMMA  偏移，并进入状态 66

    $default  使用规则 49 以归约 (DecList)


状态 40

   38 Stmt: error • SEMI
   39     | error • Stmt

    error   偏移，并进入状态 40
    INT     偏移，并进入状态 41
    FLOAT   偏移，并进入状态 42
    LP      偏移，并进入状态 43
    LC      偏移，并进入状态 9
    SEMI    偏移，并进入状态 67
    MINUS   偏移，并进入状态 44
    NOT     偏移，并进入状态 45
    RETURN  偏移，并进入状态 46
    IF      偏移，并进入状态 47
    WHILE   偏移，并进入状态 48
    ID      偏移，并进入状态 49

    CompSt  转到状态 50
    Stmt    转到状态 68
    Exp     转到状态 53


状态 41

   69 Exp: INT •

    $default  使用规则 69 以归约 (Exp)


状态 42

   70 Exp: FLOAT •

    $default  使用规则 70 以归约 (Exp)


状态 43

   61 Exp: LP • Exp RP
   79    | LP • error RP
   80    | LP • Exp error

    error  偏移，并进入状态 69
    INT    偏移，并进入状态 41
    FLOAT  偏移，并进入状态 42
    LP     偏移，并进入状态 43
    MINUS  偏移，并进入状态 44
    NOT    偏移，并进入状态 45
    ID     偏移，并进入状态 49

    Exp  转到状态 70


状态 44

   62 Exp: MINUS • Exp

    INT    偏移，并进入状态 41
    FLOAT  偏移，并进入状态 42
    LP     偏移，并进入状态 43
    MINUS  偏移，并进入状态 44
    NOT    偏移，并进入状态 45
    ID     偏移，并进入状态 49

    Exp  转到状态 71


状态 45

   63 Exp: NOT • Exp
   81    | NOT • error

    error  偏移，并进入状态 72
    INT    偏移，并进入状态 41
    FLOAT  偏移，并进入状态 42
    LP     偏移，并进入状态 43
    MINUS  偏移，并进入状态 44
    NOT    偏移，并进入状态 45
    ID     偏移，并进入状态 49

    Exp  转到状态 73


状态 46

   34 Stmt: RETURN • Exp SEMI

    INT    偏移，并进入状态 41
    FLOAT  偏移，并进入状态 42
    LP     偏移，并进入状态 43
    MINUS  偏移，并进入状态 44
    NOT    偏移，并进入状态 45
    ID     偏移，并进入状态 49

    Exp  转到状态 74


状态 47

   35 Stmt: IF • LP Exp RP Stmt
   36     | IF • LP Exp RP Stmt ELSE Stmt
   41     | IF • LP error RP Stmt
   42     | IF • LP error RP Stmt ELSE Stmt

    LP  偏移，并进入状态 75


状态 48

   37 Stmt: WHILE • LP Exp RP Stmt
   43     | WHILE • LP error RP Stmt

    LP  偏移，并进入状态 76


状态 49

   64 Exp: ID • LP Args RP
   65    | ID • LP RP
   68    | ID •
   82    | ID • LP error RP

    LP  偏移，并进入状态 77

    $default  使用规则 68 以归约 (Exp)


状态 50

   33 Stmt: CompSt •

    $default  使用规则 33 以归约 (Stmt)


状态 51

   29 CompSt: LC DefList StmtList • RC

    RC  偏移，并进入状态 78


状态 52

   30 StmtList: Stmt • StmtList

    error   偏移，并进入状态 40
    INT     偏移，并进入状态 41
    FLOAT   偏移，并进入状态 42
    LP      偏移，并进入状态 43
    LC      偏移，并进入状态 9
    MINUS   偏移，并进入状态 44
    NOT     偏移，并进入状态 45
    RETURN  偏移，并进入状态 46
    IF      偏移，并进入状态 47
    WHILE   偏移，并进入状态 48
    ID      偏移，并进入状态 49

    RC  使用规则 31 以归约 (StmtList)

    CompSt    转到状态 50
    StmtList  转到状态 79
    Stmt      转到状态 52
    Exp       转到状态 53


状态 53

   32 Stmt: Exp • SEMI
   40     | Exp • error
   53 Exp: Exp • ASSIGNOP Exp
   54    | Exp • AND Exp
   55    | Exp • OR Exp
   56    | Exp • RELOP Exp
   57    | Exp • PLUS Exp
   58    | Exp • MINUS Exp
   59    | Exp • STAR Exp
   60    | Exp • DIV Exp
   66    | Exp • LB Exp RB
   67    | Exp • DOT ID
   71    | Exp • ASSIGNOP error
   72    | Exp • AND error
   73    | Exp • OR error
   74    | Exp • RELOP error
   75    | Exp • PLUS error
   76    | Exp • MINUS error
   77    | Exp • STAR error
   78    | Exp • DIV error
   83    | Exp • LB error RB

    error     偏移，并进入状态 80
    LB        偏移，并进入状态 81
    SEMI      偏移，并进入状态 82
    RELOP     偏移，并进入状态 83
    ASSIGNOP  偏移，并进入状态 84
    PLUS      偏移，并进入状态 85
    MINUS     偏移，并进入状态 86
    STAR      偏移，并进入状态 87
    DIV       偏移，并进入状态 88
    AND       偏移，并进入状态 89
    OR        偏移，并进入状态 90
    DOT       偏移，并进入状态 91


状态 54

   44 DefList: Def DefList •

    $default  使用规则 44 以归约 (DefList)


状态 55

   16 StructSpecifier: STRUCT OptTag LC DefList • RC
   18                | STRUCT OptTag LC DefList • error RC

    error  偏移，并进入状态 92
    RC     偏移，并进入状态 93


状态 56

   25 FunDec: ID LP RP •

    $default  使用规则 25 以归约 (FunDec)


状态 57

   28 ParamDec: Specifier • VarDec

    ID  偏移，并进入状态 36

    VarDec  转到状态 94


状态 58

   24 FunDec: ID LP VarList • RP

    RP  偏移，并进入状态 95


状态 59

   26 VarList: ParamDec • COMMA VarList
   27        | ParamDec •

    COMMA  偏移，并进入状态 96

    $default  使用规则 27 以归约 (VarList)


状态 60

   23 VarDec: VarDec LB INT • RB

    RB  偏移，并进入状态 97


状态 61

   13 ExtDecList: VarDec COMMA ExtDecList •

    $default  使用规则 13 以归约 (ExtDecList)


状态 62

   48 Def: Specifier error SEMI •

    $default  使用规则 48 以归约 (Def)


状态 63

   52 Dec: VarDec ASSIGNOP • Exp

    INT    偏移，并进入状态 41
    FLOAT  偏移，并进入状态 42
    LP     偏移，并进入状态 43
    MINUS  偏移，并进入状态 44
    NOT    偏移，并进入状态 45
    ID     偏移，并进入状态 49

    Exp  转到状态 98


状态 64

   47 Def: Specifier DecList error • SEMI

    SEMI  偏移，并进入状态 99


状态 65

   46 Def: Specifier DecList SEMI •

    $default  使用规则 46 以归约 (Def)


状态 66

   50 DecList: Dec COMMA • DecList

    ID  偏移，并进入状态 36

    VarDec   转到状态 37
    DecList  转到状态 100
    Dec      转到状态 39


状态 67

   38 Stmt: error SEMI •

    $default  使用规则 38 以归约 (Stmt)


状态 68

   39 Stmt: error Stmt •

    $default  使用规则 39 以归约 (Stmt)


状态 69

   79 Exp: LP error • RP

    RP  偏移，并进入状态 101


状态 70

   53 Exp: Exp • ASSIGNOP Exp
   54    | Exp • AND Exp
   55    | Exp • OR Exp
   56    | Exp • RELOP Exp
   57    | Exp • PLUS Exp
   58    | Exp • MINUS Exp
   59    | Exp • STAR Exp
   60    | Exp • DIV Exp
   61    | LP Exp • RP
   66    | Exp • LB Exp RB
   67    | Exp • DOT ID
   71    | Exp • ASSIGNOP error
   72    | Exp • AND error
   73    | Exp • OR error
   74    | Exp • RELOP error
   75    | Exp • PLUS error
   76    | Exp • MINUS error
   77    | Exp • STAR error
   78    | Exp • DIV error
   80    | LP Exp • error
   83    | Exp • LB error RB

    error     偏移，并进入状态 102
    RP        偏移，并进入状态 103
    LB        偏移，并进入状态 81
    RELOP     偏移，并进入状态 83
    ASSIGNOP  偏移，并进入状态 84
    PLUS      偏移，并进入状态 85
    MINUS     偏移，并进入状态 86
    STAR      偏移，并进入状态 87
    DIV       偏移，并进入状态 88
    AND       偏移，并进入状态 89
    OR        偏移，并进入状态 90
    DOT       偏移，并进入状态 91


状态 71

   53 Exp: Exp • ASSIGNOP Exp
   54    | Exp • AND Exp
   55    | Exp • OR Exp
   56    | Exp • RELOP Exp
   57    | Exp • PLUS Exp
   58    | Exp • MINUS Exp
   59    | Exp • STAR Exp
   60    | Exp • DIV Exp
   62    | MINUS Exp •
   66    | Exp • LB Exp RB
   67    | Exp • DOT ID
   71    | Exp • ASSIGNOP error
   72    | Exp • AND error
   73    | Exp • OR error
   74    | Exp • RELOP error
   75    | Exp • PLUS error
   76    | Exp • MINUS error
   77    | Exp • STAR error
   78    | Exp • DIV error
   83    | Exp • LB error RB

    LB    偏移，并进入状态 81
    STAR  偏移，并进入状态 87
    DIV   偏移，并进入状态 88
    DOT   偏移，并进入状态 91

    $default  使用规则 62 以归约 (Exp)


状态 72

   81 Exp: NOT error •

    $default  使用规则 81 以归约 (Exp)


状态 73

   53 Exp: Exp • ASSIGNOP Exp
   54    | Exp • AND Exp
   55    | Exp • OR Exp
   56    | Exp • RELOP Exp
   57    | Exp • PLUS Exp
   58    | Exp • MINUS Exp
   59    | Exp • STAR Exp
   60    | Exp • DIV Exp
   63    | NOT Exp •
   66    | Exp • LB Exp RB
   67    | Exp • DOT ID
   71    | Exp • ASSIGNOP error
   72    | Exp • AND error
   73    | Exp • OR error
   74    | Exp • RELOP error
   75    | Exp • PLUS error
   76    | Exp • MINUS error
   77    | Exp • STAR error
   78    | Exp • DIV error
   83    | Exp • LB error RB

    LB   偏移，并进入状态 81
    DOT  偏移，并进入状态 91

    $default  使用规则 63 以归约 (Exp)


状态 74

   34 Stmt: RETURN Exp • SEMI
   53 Exp: Exp • ASSIGNOP Exp
   54    | Exp • AND Exp
   55    | Exp • OR Exp
   56    | Exp • RELOP Exp
   57    | Exp • PLUS Exp
   58    | Exp • MINUS Exp
   59    | Exp • STAR Exp
   60    | Exp • DIV Exp
   66    | Exp • LB Exp RB
   67    | Exp • DOT ID
   71    | Exp • ASSIGNOP error
   72    | Exp • AND error
   73    | Exp • OR error
   74    | Exp • RELOP error
   75    | Exp • PLUS error
   76    | Exp • MINUS error
   77    | Exp • STAR error
   78    | Exp • DIV error
   83    | Exp • LB error RB

    LB        偏移，并进入状态 81
    SEMI      偏移，并进入状态 104
    RELOP     偏移，并进入状态 83
    ASSIGNOP  偏移，并进入状态 84
    PLUS      偏移，并进入状态 85
    MINUS     偏移，并进入状态 86
    STAR      偏移，并进入状态 87
    DIV       偏移，并进入状态 88
    AND       偏移，并进入状态 89
    OR        偏移，并进入状态 90
    DOT       偏移，并进入状态 91


状态 75

   35 Stmt: IF LP • Exp RP Stmt
   36     | IF LP • Exp RP Stmt ELSE Stmt
   41     | IF LP • error RP Stmt
   42     | IF LP • error RP Stmt ELSE Stmt

    error  偏移，并进入状态 105
    INT    偏移，并进入状态 41
    FLOAT  偏移，并进入状态 42
    LP     偏移，并进入状态 43
    MINUS  偏移，并进入状态 44
    NOT    偏移，并进入状态 45
    ID     偏移，并进入状态 49

    Exp  转到状态 106


状态 76

   37 Stmt: WHILE LP • Exp RP Stmt
   43     | WHILE LP • error RP Stmt

    error  偏移，并进入状态 107
    INT    偏移，并进入状态 41
    FLOAT  偏移，并进入状态 42
    LP     偏移，并进入状态 43
    MINUS  偏移，并进入状态 44
    NOT    偏移，并进入状态 45
    ID     偏移，并进入状态 49

    Exp  转到状态 108


状态 77

   64 Exp: ID LP • Args RP
   65    | ID LP • RP
   82    | ID LP • error RP

    error  偏移，并进入状态 109
    INT    偏移，并进入状态 41
    FLOAT  偏移，并进入状态 42
    LP     偏移，并进入状态 43
    RP     偏移，并进入状态 110
    MINUS  偏移，并进入状态 44
    NOT    偏移，并进入状态 45
    ID     偏移，并进入状态 49

    Exp   转到状态 111
    Args  转到状态 112


状态 78

   29 CompSt: LC DefList StmtList RC •

    $default  使用规则 29 以归约 (CompSt)


状态 79

   30 StmtList: Stmt StmtList •

    $default  使用规则 30 以归约 (StmtList)


状态 80

   40 Stmt: Exp error •

    $default  使用规则 40 以归约 (Stmt)


状态 81

   66 Exp: Exp LB • Exp RB
   83    | Exp LB • error RB

    error  偏移，并进入状态 113
    INT    偏移，并进入状态 41
    FLOAT  偏移，并进入状态 42
    LP     偏移，并进入状态 43
    MINUS  偏移，并进入状态 44
    NOT    偏移，并进入状态 45
    ID     偏移，并进入状态 49

    Exp  转到状态 114


状态 82

   32 Stmt: Exp SEMI •

    $default  使用规则 32 以归约 (Stmt)


状态 83

   56 Exp: Exp RELOP • Exp
   74    | Exp RELOP • error

    error  偏移，并进入状态 115
    INT    偏移，并进入状态 41
    FLOAT  偏移，并进入状态 42
    LP     偏移，并进入状态 43
    MINUS  偏移，并进入状态 44
    NOT    偏移，并进入状态 45
    ID     偏移，并进入状态 49

    Exp  转到状态 116


状态 84

   53 Exp: Exp ASSIGNOP • Exp
   71    | Exp ASSIGNOP • error

    error  偏移，并进入状态 117
    INT    偏移，并进入状态 41
    FLOAT  偏移，并进入状态 42
    LP     偏移，并进入状态 43
    MINUS  偏移，并进入状态 44
    NOT    偏移，并进入状态 45
    ID     偏移，并进入状态 49

    Exp  转到状态 118


状态 85

   57 Exp: Exp PLUS • Exp
   75    | Exp PLUS • error

    error  偏移，并进入状态 119
    INT    偏移，并进入状态 41
    FLOAT  偏移，并进入状态 42
    LP     偏移，并进入状态 43
    MINUS  偏移，并进入状态 44
    NOT    偏移，并进入状态 45
    ID     偏移，并进入状态 49

    Exp  转到状态 120


状态 86

   58 Exp: Exp MINUS • Exp
   76    | Exp MINUS • error

    error  偏移，并进入状态 121
    INT    偏移，并进入状态 41
    FLOAT  偏移，并进入状态 42
    LP     偏移，并进入状态 43
    MINUS  偏移，并进入状态 44
    NOT    偏移，并进入状态 45
    ID     偏移，并进入状态 49

    Exp  转到状态 122


状态 87

   59 Exp: Exp STAR • Exp
   77    | Exp STAR • error

    error  偏移，并进入状态 123
    INT    偏移，并进入状态 41
    FLOAT  偏移，并进入状态 42
    LP     偏移，并进入状态 43
    MINUS  偏移，并进入状态 44
    NOT    偏移，并进入状态 45
    ID     偏移，并进入状态 49

    Exp  转到状态 124


状态 88

   60 Exp: Exp DIV • Exp
   78    | Exp DIV • error

    error  偏移，并进入状态 125
    INT    偏移，并进入状态 41
    FLOAT  偏移，并进入状态 42
    LP     偏移，并进入状态 43
    MINUS  偏移，并进入状态 44
    NOT    偏移，并进入状态 45
    ID     偏移，并进入状态 49

    Exp  转到状态 126


状态 89

   54 Exp: Exp AND • Exp
   72    | Exp AND • error

    error  偏移，并进入状态 127
    INT    偏移，并进入状态 41
    FLOAT  偏移，并进入状态 42
    LP     偏移，并进入状态 43
    MINUS  偏移，并进入状态 44
    NOT    偏移，并进入状态 45
    ID     偏移，并进入状态 49

    Exp  转到状态 128


状态 90

   55 Exp: Exp OR • Exp
   73    | Exp OR • error

    error  偏移，并进入状态 129
    INT    偏移，并进入状态 41
    FLOAT  偏移，并进入状态 42
    LP     偏移，并进入状态 43
    MINUS  偏移，并进入状态 44
    NOT    偏移，并进入状态 45
    ID     偏移，并进入状态 49

    Exp  转到状态 130


状态 91

   67 Exp: Exp DOT • ID

    ID  偏移，并进入状态 131


状态 92

   18 StructSpecifier: STRUCT OptTag LC DefList error • RC

    RC  偏移，并进入状态 132


状态 93

   16 StructSpecifier: STRUCT OptTag LC DefList RC •

    $default  使用规则 16 以归约 (StructSpecifier)


状态 94

   23 VarDec: VarDec • LB INT RB
   28 ParamDec: Specifier VarDec •

    LB  偏移，并进入状态 32

    $default  使用规则 28 以归约 (ParamDec)


状态 95

   24 FunDec: ID LP VarList RP •

    $default  使用规则 24 以归约 (FunDec)


状态 96

   26 VarList: ParamDec COMMA • VarList

    STRUCT  偏移，并进入状态 2
    TYPE    偏移，并进入状态 3

    Specifier        转到状态 57
    StructSpecifier  转到状态 8
    VarList          转到状态 133
    ParamDec         转到状态 59


状态 97

   23 VarDec: VarDec LB INT RB •

    $default  使用规则 23 以归约 (VarDec)


状态 98

   52 Dec: VarDec ASSIGNOP Exp •
   53 Exp: Exp • ASSIGNOP Exp
   54    | Exp • AND Exp
   55    | Exp • OR Exp
   56    | Exp • RELOP Exp
   57    | Exp • PLUS Exp
   58    | Exp • MINUS Exp
   59    | Exp • STAR Exp
   60    | Exp • DIV Exp
   66    | Exp • LB Exp RB
   67    | Exp • DOT ID
   71    | Exp • ASSIGNOP error
   72    | Exp • AND error
   73    | Exp • OR error
   74    | Exp • RELOP error
   75    | Exp • PLUS error
   76    | Exp • MINUS error
   77    | Exp • STAR error
   78    | Exp • DIV error
   83    | Exp • LB error RB

    LB        偏移，并进入状态 81
    RELOP     偏移，并进入状态 83
    ASSIGNOP  偏移，并进入状态 84
    PLUS      偏移，并进入状态 85
    MINUS     偏移，并进入状态 86
    STAR      偏移，并进入状态 87
    DIV       偏移，并进入状态 88
    AND       偏移，并进入状态 89
    OR        偏移，并进入状态 90
    DOT       偏移，并进入状态 91

    $default  使用规则 52 以归约 (Dec)


状态 99

   47 Def: Specifier DecList error SEMI •

    $default  使用规则 47 以归约 (Def)


状态 100

   50 DecList: Dec COMMA DecList •

    $default  使用规则 50 以归约 (DecList)


状态 101

   79 Exp: LP error RP •

    $default  使用规则 79 以归约 (Exp)


状态 102

   80 Exp: LP Exp error •

    $default  使用规则 80 以归约 (Exp)


状态 103

   61 Exp: LP Exp RP •

    $default  使用规则 61 以归约 (Exp)


状态 104

   34 Stmt: RETURN Exp SEMI •

    $default  使用规则 34 以归约 (Stmt)


状态 105

   41 Stmt: IF LP error • RP Stmt
   42     | IF LP error • RP Stmt ELSE Stmt

    RP  偏移，并进入状态 134


状态 106

   35 Stmt: IF LP Exp • RP Stmt
   36     | IF LP Exp • RP Stmt ELSE Stmt
   53 Exp: Exp • ASSIGNOP Exp
   54    | Exp • AND Exp
   55    | Exp • OR Exp
   56    | Exp • RELOP Exp
   57    | Exp • PLUS Exp
   58    | Exp • MINUS Exp
   59    | Exp • STAR Exp
   60    | Exp • DIV Exp
   66    | Exp • LB Exp RB
   67    | Exp • DOT ID
   71    | Exp • ASSIGNOP error
   72    | Exp • AND error
   73    | Exp • OR error
   74    | Exp • RELOP error
   75    | Exp • PLUS error
   76    | Exp • MINUS error
   77    | Exp • STAR error
   78    | Exp • DIV error
   83    | Exp • LB error RB

    RP        偏移，并进入状态 135
    LB        偏移，并进入状态 81
    RELOP     偏移，并进入状态 83
    ASSIGNOP  偏移，并进入状态 84
    PLUS      偏移，并进入状态 85
    MINUS     偏移，并进入状态 86
    STAR      偏移，并进入状态 87
    DIV       偏移，并进入状态 88
    AND       偏移，并进入状态 89
    OR        偏移，并进入状态 90
    DOT       偏移，并进入状态 91


状态 107

   43 Stmt: WHILE LP error • RP Stmt

    RP  偏移，并进入状态 136


状态 108

   37 Stmt: WHILE LP Exp • RP Stmt
   53 Exp: Exp • ASSIGNOP Exp
   54    | Exp • AND Exp
   55    | Exp • OR Exp
   56    | Exp • RELOP Exp
   57    | Exp • PLUS Exp
   58    | Exp • MINUS Exp
   59    | Exp • STAR Exp
   60    | Exp • DIV Exp
   66    | Exp • LB Exp RB
   67    | Exp • DOT ID
   71    | Exp • ASSIGNOP error
   72    | Exp • AND error
   73    | Exp • OR error
   74    | Exp • RELOP error
   75    | Exp • PLUS error
   76    | Exp • MINUS error
   77    | Exp • STAR error
   78    | Exp • DIV error
   83    | Exp • LB error RB

    RP        偏移，并进入状态 137
    LB        偏移，并进入状态 81
    RELOP     偏移，并进入状态 83
    ASSIGNOP  偏移，并进入状态 84
    PLUS      偏移，并进入状态 85
    MINUS     偏移，并进入状态 86
    STAR      偏移，并进入状态 87
    DIV       偏移，并进入状态 88
    AND       偏移，并进入状态 89
    OR        偏移，并进入状态 90
    DOT       偏移，并进入状态 91


状态 109

   82 Exp: ID LP error • RP
   86 Args: error • COMMA Exp

    RP     偏移，并进入状态 138
    COMMA  偏移，并进入状态 139


状态 110

   65 Exp: ID LP RP •

    $default  使用规则 65 以归约 (Exp)


状态 111

   53 Exp: Exp • ASSIGNOP Exp
   54    | Exp • AND Exp
   55    | Exp • OR Exp
   56    | Exp • RELOP Exp
   57    | Exp • PLUS Exp
   58    | Exp • MINUS Exp
   59    | Exp • STAR Exp
   60    | Exp • DIV Exp
   66    | Exp • LB Exp RB
   67    | Exp • DOT ID
   71    | Exp • ASSIGNOP error
   72    | Exp • AND error
   73    | Exp • OR error
   74    | Exp • RELOP error
   75    | Exp • PLUS error
   76    | Exp • MINUS error
   77    | Exp • STAR error
   78    | Exp • DIV error
   83    | Exp • LB error RB
   84 Args: Exp • COMMA Args
   85     | Exp •

    LB        偏移，并进入状态 81
    COMMA     偏移，并进入状态 140
    RELOP     偏移，并进入状态 83
    ASSIGNOP  偏移，并进入状态 84
    PLUS      偏移，并进入状态 85
    MINUS     偏移，并进入状态 86
    STAR      偏移，并进入状态 87
    DIV       偏移，并进入状态 88
    AND       偏移，并进入状态 89
    OR        偏移，并进入状态 90
    DOT       偏移，并进入状态 91

    $default  使用规则 85 以归约 (Args)


状态 112

   64 Exp: ID LP Args • RP

    RP  偏移，并进入状态 141


状态 113

   83 Exp: Exp LB error • RB

    RB  偏移，并进入状态 142


状态 114

   53 Exp: Exp • ASSIGNOP Exp
   54    | Exp • AND Exp
   55    | Exp • OR Exp
   56    | Exp • RELOP Exp
   57    | Exp • PLUS Exp
   58    | Exp • MINUS Exp
   59    | Exp • STAR Exp
   60    | Exp • DIV Exp
   66    | Exp • LB Exp RB
   66    | Exp LB Exp • RB
   67    | Exp • DOT ID
   71    | Exp • ASSIGNOP error
   72    | Exp • AND error
   73    | Exp • OR error
   74    | Exp • RELOP error
   75    | Exp • PLUS error
   76    | Exp • MINUS error
   77    | Exp • STAR error
   78    | Exp • DIV error
   83    | Exp • LB error RB

    LB        偏移，并进入状态 81
    RB        偏移，并进入状态 143
    RELOP     偏移，并进入状态 83
    ASSIGNOP  偏移，并进入状态 84
    PLUS      偏移，并进入状态 85
    MINUS     偏移，并进入状态 86
    STAR      偏移，并进入状态 87
    DIV       偏移，并进入状态 88
    AND       偏移，并进入状态 89
    OR        偏移，并进入状态 90
    DOT       偏移，并进入状态 91


状态 115

   74 Exp: Exp RELOP error •

    $default  使用规则 74 以归约 (Exp)


状态 116

   53 Exp: Exp • ASSIGNOP Exp
   54    | Exp • AND Exp
   55    | Exp • OR Exp
   56    | Exp • RELOP Exp
   56    | Exp RELOP Exp •
   57    | Exp • PLUS Exp
   58    | Exp • MINUS Exp
   59    | Exp • STAR Exp
   60    | Exp • DIV Exp
   66    | Exp • LB Exp RB
   67    | Exp • DOT ID
   71    | Exp • ASSIGNOP error
   72    | Exp • AND error
   73    | Exp • OR error
   74    | Exp • RELOP error
   75    | Exp • PLUS error
   76    | Exp • MINUS error
   77    | Exp • STAR error
   78    | Exp • DIV error
   83    | Exp • LB error RB

    LB     偏移，并进入状态 81
    PLUS   偏移，并进入状态 85
    MINUS  偏移，并进入状态 86
    STAR   偏移，并进入状态 87
    DIV    偏移，并进入状态 88
    DOT    偏移，并进入状态 91

    $default  使用规则 56 以归约 (Exp)


状态 117

   71 Exp: Exp ASSIGNOP error •

    $default  使用规则 71 以归约 (Exp)


状态 118

   53 Exp: Exp • ASSIGNOP Exp
   53    | Exp ASSIGNOP Exp •
   54    | Exp • AND Exp
   55    | Exp • OR Exp
   56    | Exp • RELOP Exp
   57    | Exp • PLUS Exp
   58    | Exp • MINUS Exp
   59    | Exp • STAR Exp
   60    | Exp • DIV Exp
   66    | Exp • LB Exp RB
   67    | Exp • DOT ID
   71    | Exp • ASSIGNOP error
   72    | Exp • AND error
   73    | Exp • OR error
   74    | Exp • RELOP error
   75    | Exp • PLUS error
   76    | Exp • MINUS error
   77    | Exp • STAR error
   78    | Exp • DIV error
   83    | Exp • LB error RB

    LB        偏移，并进入状态 81
    RELOP     偏移，并进入状态 83
    ASSIGNOP  偏移，并进入状态 84
    PLUS      偏移，并进入状态 85
    MINUS     偏移，并进入状态 86
    STAR      偏移，并进入状态 87
    DIV       偏移，并进入状态 88
    AND       偏移，并进入状态 89
    OR        偏移，并进入状态 90
    DOT       偏移，并进入状态 91

    $default  使用规则 53 以归约 (Exp)


状态 119

   75 Exp: Exp PLUS error •

    $default  使用规则 75 以归约 (Exp)


状态 120

   53 Exp: Exp • ASSIGNOP Exp
   54    | Exp • AND Exp
   55    | Exp • OR Exp
   56    | Exp • RELOP Exp
   57    | Exp • PLUS Exp
   57    | Exp PLUS Exp •
   58    | Exp • MINUS Exp
   59    | Exp • STAR Exp
   60    | Exp • DIV Exp
   66    | Exp • LB Exp RB
   67    | Exp • DOT ID
   71    | Exp • ASSIGNOP error
   72    | Exp • AND error
   73    | Exp • OR error
   74    | Exp • RELOP error
   75    | Exp • PLUS error
   76    | Exp • MINUS error
   77    | Exp • STAR error
   78    | Exp • DIV error
   83    | Exp • LB error RB

    LB    偏移，并进入状态 81
    STAR  偏移，并进入状态 87
    DIV   偏移，并进入状态 88
    DOT   偏移，并进入状态 91

    $default  使用规则 57 以归约 (Exp)


状态 121

   76 Exp: Exp MINUS error •

    $default  使用规则 76 以归约 (Exp)


状态 122

   53 Exp: Exp • ASSIGNOP Exp
   54    | Exp • AND Exp
   55    | Exp • OR Exp
   56    | Exp • RELOP Exp
   57    | Exp • PLUS Exp
   58    | Exp • MINUS Exp
   58    | Exp MINUS Exp •
   59    | Exp • STAR Exp
   60    | Exp • DIV Exp
   66    | Exp • LB Exp RB
   67    | Exp • DOT ID
   71    | Exp • ASSIGNOP error
   72    | Exp • AND error
   73    | Exp • OR error
   74    | Exp • RELOP error
   75    | Exp • PLUS error
   76    | Exp • MINUS error
   77    | Exp • STAR error
   78    | Exp • DIV error
   83    | Exp • LB error RB

    LB    偏移，并进入状态 81
    STAR  偏移，并进入状态 87
    DIV   偏移，并进入状态 88
    DOT   偏移，并进入状态 91

    $default  使用规则 58 以归约 (Exp)


状态 123

   77 Exp: Exp STAR error •

    $default  使用规则 77 以归约 (Exp)


状态 124

   53 Exp: Exp • ASSIGNOP Exp
   54    | Exp • AND Exp
   55    | Exp • OR Exp
   56    | Exp • RELOP Exp
   57    | Exp • PLUS Exp
   58    | Exp • MINUS Exp
   59    | Exp • STAR Exp
   59    | Exp STAR Exp •
   60    | Exp • DIV Exp
   66    | Exp • LB Exp RB
   67    | Exp • DOT ID
   71    | Exp • ASSIGNOP error
   72    | Exp • AND error
   73    | Exp • OR error
   74    | Exp • RELOP error
   75    | Exp • PLUS error
   76    | Exp • MINUS error
   77    | Exp • STAR error
   78    | Exp • DIV error
   83    | Exp • LB error RB

    LB   偏移，并进入状态 81
    DOT  偏移，并进入状态 91

    $default  使用规则 59 以归约 (Exp)


状态 125

   78 Exp: Exp DIV error •

    $default  使用规则 78 以归约 (Exp)


状态 126

   53 Exp: Exp • ASSIGNOP Exp
   54    | Exp • AND Exp
   55    | Exp • OR Exp
   56    | Exp • RELOP Exp
   57    | Exp • PLUS Exp
   58    | Exp • MINUS Exp
   59    | Exp • STAR Exp
   60    | Exp • DIV Exp
   60    | Exp DIV Exp •
   66    | Exp • LB Exp RB
   67    | Exp • DOT ID
   71    | Exp • ASSIGNOP error
   72    | Exp • AND error
   73    | Exp • OR error
   74    | Exp • RELOP error
   75    | Exp • PLUS error
   76    | Exp • MINUS error
   77    | Exp • STAR error
   78    | Exp • DIV error
   83    | Exp • LB error RB

    LB   偏移，并进入状态 81
    DOT  偏移，并进入状态 91

    $default  使用规则 60 以归约 (Exp)


状态 127

   72 Exp: Exp AND error •

    $default  使用规则 72 以归约 (Exp)


状态 128

   53 Exp: Exp • ASSIGNOP Exp
   54    | Exp • AND Exp
   54    | Exp AND Exp •
   55    | Exp • OR Exp
   56    | Exp • RELOP Exp
   57    | Exp • PLUS Exp
   58    | Exp • MINUS Exp
   59    | Exp • STAR Exp
   60    | Exp • DIV Exp
   66    | Exp • LB Exp RB
   67    | Exp • DOT ID
   71    | Exp • ASSIGNOP error
   72    | Exp • AND error
   73    | Exp • OR error
   74    | Exp • RELOP error
   75    | Exp • PLUS error
   76    | Exp • MINUS error
   77    | Exp • STAR error
   78    | Exp • DIV error
   83    | Exp • LB error RB

    LB     偏移，并进入状态 81
    RELOP  偏移，并进入状态 83
    PLUS   偏移，并进入状态 85
    MINUS  偏移，并进入状态 86
    STAR   偏移，并进入状态 87
    DIV    偏移，并进入状态 88
    DOT    偏移，并进入状态 91

    $default  使用规则 54 以归约 (Exp)


状态 129

   73 Exp: Exp OR error •

    $default  使用规则 73 以归约 (Exp)


状态 130

   53 Exp: Exp • ASSIGNOP Exp
   54    | Exp • AND Exp
   55    | Exp • OR Exp
   55    | Exp OR Exp •
   56    | Exp • RELOP Exp
   57    | Exp • PLUS Exp
   58    | Exp • MINUS Exp
   59    | Exp • STAR Exp
   60    | Exp • DIV Exp
   66    | Exp • LB Exp RB
   67    | Exp • DOT ID
   71    | Exp • ASSIGNOP error
   72    | Exp • AND error
   73    | Exp • OR error
   74    | Exp • RELOP error
   75    | Exp • PLUS error
   76    | Exp • MINUS error
   77    | Exp • STAR error
   78    | Exp • DIV error
   83    | Exp • LB error RB

    LB     偏移，并进入状态 81
    RELOP  偏移，并进入状态 83
    PLUS   偏移，并进入状态 85
    MINUS  偏移，并进入状态 86
    STAR   偏移，并进入状态 87
    DIV    偏移，并进入状态 88
    AND    偏移，并进入状态 89
    DOT    偏移，并进入状态 91

    $default  使用规则 55 以归约 (Exp)


状态 131

   67 Exp: Exp DOT ID •

    $default  使用规则 67 以归约 (Exp)


状态 132

   18 StructSpecifier: STRUCT OptTag LC DefList error RC •

    $default  使用规则 18 以归约 (StructSpecifier)


状态 133

   26 VarList: ParamDec COMMA VarList •

    $default  使用规则 26 以归约 (VarList)


状态 134

   41 Stmt: IF LP error RP • Stmt
   42     | IF LP error RP • Stmt ELSE Stmt

    error   偏移，并进入状态 40
    INT     偏移，并进入状态 41
    FLOAT   偏移，并进入状态 42
    LP      偏移，并进入状态 43
    LC      偏移，并进入状态 9
    MINUS   偏移，并进入状态 44
    NOT     偏移，并进入状态 45
    RETURN  偏移，并进入状态 46
    IF      偏移，并进入状态 47
    WHILE   偏移，并进入状态 48
    ID      偏移，并进入状态 49

    CompSt  转到状态 50
    Stmt    转到状态 144
    Exp     转到状态 53


状态 135

   35 Stmt: IF LP Exp RP • Stmt
   36     | IF LP Exp RP • Stmt ELSE Stmt

    error   偏移，并进入状态 40
    INT     偏移，并进入状态 41
    FLOAT   偏移，并进入状态 42
    LP      偏移，并进入状态 43
    LC      偏移，并进入状态 9
    MINUS   偏移，并进入状态 44
    NOT     偏移，并进入状态 45
    RETURN  偏移，并进入状态 46
    IF      偏移，并进入状态 47
    WHILE   偏移，并进入状态 48
    ID      偏移，并进入状态 49

    CompSt  转到状态 50
    Stmt    转到状态 145
    Exp     转到状态 53


状态 136

   43 Stmt: WHILE LP error RP • Stmt

    error   偏移，并进入状态 40
    INT     偏移，并进入状态 41
    FLOAT   偏移，并进入状态 42
    LP      偏移，并进入状态 43
    LC      偏移，并进入状态 9
    MINUS   偏移，并进入状态 44
    NOT     偏移，并进入状态 45
    RETURN  偏移，并进入状态 46
    IF      偏移，并进入状态 47
    WHILE   偏移，并进入状态 48
    ID      偏移，并进入状态 49

    CompSt  转到状态 50
    Stmt    转到状态 146
    Exp     转到状态 53


状态 137

   37 Stmt: WHILE LP Exp RP • Stmt

    error   偏移，并进入状态 40
    INT     偏移，并进入状态 41
    FLOAT   偏移，并进入状态 42
    LP      偏移，并进入状态 43
    LC      偏移，并进入状态 9
    MINUS   偏移，并进入状态 44
    NOT     偏移，并进入状态 45
    RETURN  偏移，并进入状态 46
    IF      偏移，并进入状态 47
    WHILE   偏移，并进入状态 48
    ID      偏移，并进入状态 49

    CompSt  转到状态 50
    Stmt    转到状态 147
    Exp     转到状态 53


状态 138

   82 Exp: ID LP error RP •

    $default  使用规则 82 以归约 (Exp)


状态 139

   86 Args: error COMMA • Exp

    INT    偏移，并进入状态 41
    FLOAT  偏移，并进入状态 42
    LP     偏移，并进入状态 43
    MINUS  偏移，并进入状态 44
    NOT    偏移，并进入状态 45
    ID     偏移，并进入状态 49

    Exp  转到状态 148


状态 140

   84 Args: Exp COMMA • Args

    error  偏移，并进入状态 149
    INT    偏移，并进入状态 41
    FLOAT  偏移，并进入状态 42
    LP     偏移，并进入状态 43
    MINUS  偏移，并进入状态 44
    NOT    偏移，并进入状态 45
    ID     偏移，并进入状态 49

    Exp   转到状态 111
    Args  转到状态 150


状态 141

   64 Exp: ID LP Args RP •

    $default  使用规则 64 以归约 (Exp)


状态 142

   83 Exp: Exp LB error RB •

    $default  使用规则 83 以归约 (Exp)


状态 143

   66 Exp: Exp LB Exp RB •

    $default  使用规则 66 以归约 (Exp)


状态 144

   41 Stmt: IF LP error RP Stmt •
   42     | IF LP error RP Stmt • ELSE Stmt

    ELSE  偏移，并进入状态 151

    $default  使用规则 41 以归约 (Stmt)


状态 145

   35 Stmt: IF LP Exp RP Stmt •
   36     | IF LP Exp RP Stmt • ELSE Stmt

    ELSE  偏移，并进入状态 152

    $default  使用规则 35 以归约 (Stmt)


状态 146

   43 Stmt: WHILE LP error RP Stmt •

    $default  使用规则 43 以归约 (Stmt)


状态 147

   37 Stmt: WHILE LP Exp RP Stmt •

    $default  使用规则 37 以归约 (Stmt)


状态 148

   53 Exp: Exp • ASSIGNOP Exp
   54    | Exp • AND Exp
   55    | Exp • OR Exp
   56    | Exp • RELOP Exp
   57    | Exp • PLUS Exp
   58    | Exp • MINUS Exp
   59    | Exp • STAR Exp
   60    | Exp • DIV Exp
   66    | Exp • LB Exp RB
   67    | Exp • DOT ID
   71    | Exp • ASSIGNOP error
   72    | Exp • AND error
   73    | Exp • OR error
   74    | Exp • RELOP error
   75    | Exp • PLUS error
   76    | Exp • MINUS error
   77    | Exp • STAR error
   78    | Exp • DIV error
   83    | Exp • LB error RB
   86 Args: error COMMA Exp •

    LB        偏移，并进入状态 81
    RELOP     偏移，并进入状态 83
    ASSIGNOP  偏移，并进入状态 84
    PLUS      偏移，并进入状态 85
    MINUS     偏移，并进入状态 86
    STAR      偏移，并进入状态 87
    DIV       偏移，并进入状态 88
    AND       偏移，并进入状态 89
    OR        偏移，并进入状态 90
    DOT       偏移，并进入状态 91

    $default  使用规则 86 以归约 (Args)


状态 149

   86 Args: error • COMMA Exp

    COMMA  偏移，并进入状态 139


状态 150

   84 Args: Exp COMMA Args •

    $default  使用规则 84 以归约 (Args)


状态 151

   42 Stmt: IF LP error RP Stmt ELSE • Stmt

    error   偏移，并进入状态 40
    INT     偏移，并进入状态 41
    FLOAT   偏移，并进入状态 42
    LP      偏移，并进入状态 43
    LC      偏移，并进入状态 9
    MINUS   偏移，并进入状态 44
    NOT     偏移，并进入状态 45
    RETURN  偏移，并进入状态 46
    IF      偏移，并进入状态 47
    WHILE   偏移，并进入状态 48
    ID      偏移，并进入状态 49

    CompSt  转到状态 50
    Stmt    转到状态 153
    Exp     转到状态 53


状态 152

   36 Stmt: IF LP Exp RP Stmt ELSE • Stmt

    error   偏移，并进入状态 40
    INT     偏移，并进入状态 41
    FLOAT   偏移，并进入状态 42
    LP      偏移，并进入状态 43
    LC      偏移，并进入状态 9
    MINUS   偏移，并进入状态 44
    NOT     偏移，并进入状态 45
    RETURN  偏移，并进入状态 46
    IF      偏移，并进入状态 47
    WHILE   偏移，并进入状态 48
    ID      偏移，并进入状态 49

    CompSt  转到状态 50
    Stmt    转到状态 154
    Exp     转到状态 53


状态 153

   42 Stmt: IF LP error RP Stmt ELSE Stmt •

    $default  使用规则 42 以归约 (Stmt)


状态 154

   36 Stmt: IF LP Exp RP Stmt ELSE Stmt •

    $default  使用规则 36 以归约 (Stmt)
